<?xml version="1.0" encoding="UTF-8"?>
<!-- Generated by org.testng.reporters.JUnitReportReporter -->
<testsuite hostname="carlos" failures="0" tests="9" name="proyecto_junit.TestPizzeriaEjercicio1" time="0.018" errors="0" timestamp="2022-11-14T12:07:57 CST" skipped="0">
  <testcase classname="proyecto_junit.TestPizzeriaEjercicio1" name="verificarGuardarIngrediente1ComoPimiento" time="0.002"/>
  <system-out/>
  <testcase classname="proyecto_junit.TestPizzeriaEjercicio1" name="verificarGuardarIngrediente2ComoJamon" time="0.001"/>
  <system-out/>
  <testcase classname="proyecto_junit.TestPizzeriaEjercicio1" name="verificarGuardarIngrediente1ComoOpcionInvalida" time="0.007"/>
  <system-out/>
  <testcase classname="proyecto_junit.TestPizzeriaEjercicio1" name="verificarOpcopnVeganaFalsa" time="0.001"/>
  <system-out/>
  <testcase classname="proyecto_junit.TestPizzeriaEjercicio1" name="verificarOpcionVeganaVerdadera" time="0.001"/>
  <system-out/>
  <testcase classname="proyecto_junit.TestPizzeriaEjercicio1" name="verificarGuardarIngrediente3ComoSalchicha" time="0.002"/>
  <system-out/>
  <testcase classname="proyecto_junit.TestPizzeriaEjercicio1" name="verificarGuardarIngrediente1ComoPeperoni" time="0.002"/>
  <system-out/>
  <testcase classname="proyecto_junit.TestPizzeriaEjercicio1" name="verificarGuardarIngrediente2ComoHongos" time="0.001"/>
  <system-out/>
  <testcase classname="proyecto_junit.TestPizzeriaEjercicio1" name="verificarGuardarIngrediente3ComoEspinaca" time="0.001"/>
  <system-out/>
</testsuite> <!-- proyecto_junit.TestPizzeriaEjercicio1 -->
